GROUP,PACKAGE,CLASS,INSTRUCTION_MISSED,INSTRUCTION_COVERED,BRANCH_MISSED,BRANCH_COVERED,LINE_MISSED,LINE_COVERED,COMPLEXITY_MISSED,COMPLEXITY_COVERED,METHOD_MISSED,METHOD_COVERED
Task4,org.example,SudokuColumn,0,7,0,0,0,3,0,1,0,1
Task4,org.example,SudokuField,0,36,0,0,0,11,0,5,0,5
Task4,org.example,SudokuSection,0,78,0,12,0,17,0,11,0,5
Task4,org.example,SudokuBoard,0,243,0,18,0,43,0,19,0,10
Task4,org.example,SudokuBox,0,7,0,0,0,3,0,1,0,1
Task4,org.example,BacktrackingSudokuSolver,0,132,0,24,0,25,0,15,0,3
Task4,org.example,SudokuRow,0,7,0,0,0,3,0,1,0,1
