GROUP,PACKAGE,CLASS,INSTRUCTION_MISSED,INSTRUCTION_COVERED,BRANCH_MISSED,BRANCH_COVERED,LINE_MISSED,LINE_COVERED,COMPLEXITY_MISSED,COMPLEXITY_COVERED,METHOD_MISSED,METHOD_COVERED
Task4,org.example,SudokuColumn,0,23,0,2,0,5,0,2,0,1
Task4,org.example,SudokuField,0,10,0,0,0,4,0,3,0,3
Task4,org.example,SudokuSection,0,41,0,6,0,8,0,6,0,3
Task4,org.example,SudokuBoard,0,188,0,20,0,32,0,18,0,8
Task4,org.example,SudokuBox,0,32,0,4,0,6,0,3,0,1
Task4,org.example,BacktrackingSudokuSolver,0,132,0,24,0,25,0,15,0,3
Task4,org.example,SudokuRow,0,23,0,2,0,5,0,2,0,1
