<?xml version="1.0" encoding="UTF-8"?>
<testsuite xmlns:xsi="http://www.w3.org/2001/XMLSchema-instance" xsi:noNamespaceSchemaLocation="https://maven.apache.org/surefire/maven-surefire-plugin/xsd/surefire-test-report-3.0.xsd" version="3.0" name="TestSudokuBoard" time="0.165" tests="10" errors="0" skipped="0" failures="0">
  <properties>
[...]
</properties>
  <testcase name="checkBoard_ShouldReturnTrueForValidBoard" classname="TestSudokuBoard" time="0.051"/>
  <testcase name="sudokuSection_VerificationFailure" classname="TestSudokuBoard" time="0.002"/>
  <testcase name="sudokuSection_ShouldAllowZeros" classname="TestSudokuBoard" time="0.001"/>
  <testcase name="sudokuField_SetAndGet" classname="TestSudokuBoard" time="0.003"/>
  <testcase name="checkBoard_ShouldReturnFalseForInvalidBox" classname="TestSudokuBoard" time="0.003"/>
  <testcase name="checkBoard_ShouldReturnFalseForInvalidColumnOnEmptyBoard" classname="TestSudokuBoard" time="0.018">
    <system-out><![CDATA[0 0 0  0 0 0  0 0 0  
0 0 0  0 0 0  0 0 0  
0 0 0  0 0 0  0 0 0  

0 0 0  0 0 0  0 0 0  
0 0 0  0 0 0  0 0 0  
0 0 0  0 0 0  0 0 0  

0 0 0  0 0 0  0 0 0  
0 0 0  0 0 0  0 0 0  
0 0 0  0 0 0  0 0 0  

1 0 0  0 0 0  0 0 0  
2 0 0  0 0 0  0 0 0  
3 0 0  0 0 0  0 0 0  

4 0 0  0 0 0  0 0 0  
5 0 0  0 0 0  0 0 0  
6 0 0  0 0 0  0 0 0  

7 0 0  0 0 0  0 0 0  
8 0 0  0 0 0  0 0 0  
9 0 0  0 0 0  0 0 0  

7 0 0  0 0 0  0 0 0  
2 0 0  0 0 0  0 0 0  
3 0 0  0 0 0  0 0 0  

4 0 0  0 0 0  0 0 0  
5 0 0  0 0 0  0 0 0  
6 0 0  0 0 0  0 0 0  

7 0 0  0 0 0  0 0 0  
8 0 0  0 0 0  0 0 0  
9 0 0  0 0 0  0 0 0  

]]></system-out>
  </testcase>
  <testcase name="checkBoard_ShouldReturnFalseForInvalidRowOnEmptyBoard" classname="TestSudokuBoard" time="0.002"/>
  <testcase name="setAndGetMethods_ShouldCorrectlyAssignAndRetrieveValues" classname="TestSudokuBoard" time="0.003"/>
  <testcase name="sudokuSection_Verification" classname="TestSudokuBoard" time="0.003"/>
  <testcase name="solveGame_ShouldGenerateUniqueLayoutsOnSubsequentCalls" classname="TestSudokuBoard" time="0.01"/>
</testsuite>